<?xml version="1.0" encoding="UTF-8"?>
<testsuites>
  <testsuite name="AllTests" tests="249" assertions="1042" failures="0" errors="0" time="6.175002">
    <testsuite name="vfsStreamAbstractContentTestCase" file="/Users/mikey/workspace/vfsStream/src/test/php/org/bovigo/vfs/vfsStreamAbstractContentTestCase.php" fullPackage="bovigo_vfs.test" package="bovigo_vfs" subpackage="test" tests="22" assertions="198" failures="0" errors="0" time="0.008013">
      <testcase name="noPermissionsForEveryone" class="vfsStreamAbstractContentTestCase" file="/Users/mikey/workspace/vfsStream/src/test/php/org/bovigo/vfs/vfsStreamAbstractContentTestCase.php" line="52" assertions="9" time="0.001288"/>
      <testcase name="executePermissionsForUser" class="vfsStreamAbstractContentTestCase" file="/Users/mikey/workspace/vfsStream/src/test/php/org/bovigo/vfs/vfsStreamAbstractContentTestCase.php" line="98" assertions="9" time="0.000418"/>
      <testcase name="executePermissionsForGroup" class="vfsStreamAbstractContentTestCase" file="/Users/mikey/workspace/vfsStream/src/test/php/org/bovigo/vfs/vfsStreamAbstractContentTestCase.php" line="144" assertions="9" time="0.000305"/>
      <testcase name="executePermissionsForOther" class="vfsStreamAbstractContentTestCase" file="/Users/mikey/workspace/vfsStream/src/test/php/org/bovigo/vfs/vfsStreamAbstractContentTestCase.php" line="190" assertions="9" time="0.000300"/>
      <testcase name="writePermissionsForUser" class="vfsStreamAbstractContentTestCase" file="/Users/mikey/workspace/vfsStream/src/test/php/org/bovigo/vfs/vfsStreamAbstractContentTestCase.php" line="236" assertions="9" time="0.000298"/>
      <testcase name="writePermissionsForGroup" class="vfsStreamAbstractContentTestCase" file="/Users/mikey/workspace/vfsStream/src/test/php/org/bovigo/vfs/vfsStreamAbstractContentTestCase.php" line="282" assertions="9" time="0.000297"/>
      <testcase name="writePermissionsForOther" class="vfsStreamAbstractContentTestCase" file="/Users/mikey/workspace/vfsStream/src/test/php/org/bovigo/vfs/vfsStreamAbstractContentTestCase.php" line="328" assertions="9" time="0.000294"/>
      <testcase name="executeAndWritePermissionsForUser" class="vfsStreamAbstractContentTestCase" file="/Users/mikey/workspace/vfsStream/src/test/php/org/bovigo/vfs/vfsStreamAbstractContentTestCase.php" line="374" assertions="9" time="0.000293"/>
      <testcase name="executeAndWritePermissionsForGroup" class="vfsStreamAbstractContentTestCase" file="/Users/mikey/workspace/vfsStream/src/test/php/org/bovigo/vfs/vfsStreamAbstractContentTestCase.php" line="420" assertions="9" time="0.000294"/>
      <testcase name="executeAndWritePermissionsForOther" class="vfsStreamAbstractContentTestCase" file="/Users/mikey/workspace/vfsStream/src/test/php/org/bovigo/vfs/vfsStreamAbstractContentTestCase.php" line="466" assertions="9" time="0.000296"/>
      <testcase name="readPermissionsForUser" class="vfsStreamAbstractContentTestCase" file="/Users/mikey/workspace/vfsStream/src/test/php/org/bovigo/vfs/vfsStreamAbstractContentTestCase.php" line="512" assertions="9" time="0.000298"/>
      <testcase name="readPermissionsForGroup" class="vfsStreamAbstractContentTestCase" file="/Users/mikey/workspace/vfsStream/src/test/php/org/bovigo/vfs/vfsStreamAbstractContentTestCase.php" line="558" assertions="9" time="0.000298"/>
      <testcase name="readPermissionsForOther" class="vfsStreamAbstractContentTestCase" file="/Users/mikey/workspace/vfsStream/src/test/php/org/bovigo/vfs/vfsStreamAbstractContentTestCase.php" line="604" assertions="9" time="0.000295"/>
      <testcase name="readAndExecutePermissionsForUser" class="vfsStreamAbstractContentTestCase" file="/Users/mikey/workspace/vfsStream/src/test/php/org/bovigo/vfs/vfsStreamAbstractContentTestCase.php" line="650" assertions="9" time="0.000291"/>
      <testcase name="readAndExecutePermissionsForGroup" class="vfsStreamAbstractContentTestCase" file="/Users/mikey/workspace/vfsStream/src/test/php/org/bovigo/vfs/vfsStreamAbstractContentTestCase.php" line="696" assertions="9" time="0.000294"/>
      <testcase name="readAndExecutePermissionsForOther" class="vfsStreamAbstractContentTestCase" file="/Users/mikey/workspace/vfsStream/src/test/php/org/bovigo/vfs/vfsStreamAbstractContentTestCase.php" line="742" assertions="9" time="0.000292"/>
      <testcase name="readAndWritePermissionsForUser" class="vfsStreamAbstractContentTestCase" file="/Users/mikey/workspace/vfsStream/src/test/php/org/bovigo/vfs/vfsStreamAbstractContentTestCase.php" line="788" assertions="9" time="0.000291"/>
      <testcase name="readAndWritePermissionsForGroup" class="vfsStreamAbstractContentTestCase" file="/Users/mikey/workspace/vfsStream/src/test/php/org/bovigo/vfs/vfsStreamAbstractContentTestCase.php" line="834" assertions="9" time="0.000315"/>
      <testcase name="readAndWritePermissionsForOther" class="vfsStreamAbstractContentTestCase" file="/Users/mikey/workspace/vfsStream/src/test/php/org/bovigo/vfs/vfsStreamAbstractContentTestCase.php" line="880" assertions="9" time="0.000298"/>
      <testcase name="allPermissionsForUser" class="vfsStreamAbstractContentTestCase" file="/Users/mikey/workspace/vfsStream/src/test/php/org/bovigo/vfs/vfsStreamAbstractContentTestCase.php" line="926" assertions="9" time="0.000294"/>
      <testcase name="allPermissionsForGroup" class="vfsStreamAbstractContentTestCase" file="/Users/mikey/workspace/vfsStream/src/test/php/org/bovigo/vfs/vfsStreamAbstractContentTestCase.php" line="972" assertions="9" time="0.000326"/>
      <testcase name="allPermissionsForOther" class="vfsStreamAbstractContentTestCase" file="/Users/mikey/workspace/vfsStream/src/test/php/org/bovigo/vfs/vfsStreamAbstractContentTestCase.php" line="1018" assertions="9" time="0.000637"/>
    </testsuite>
    <testsuite name="vfsStreamContainerIteratorTestCase" file="/Users/mikey/workspace/vfsStream/src/test/php/org/bovigo/vfs/vfsStreamContainerIteratorTestCase.php" fullPackage="bovigo_vfs.test" package="bovigo_vfs" subpackage="test" tests="1" assertions="14" failures="0" errors="0" time="0.013684">
      <testcase name="iteration" class="vfsStreamContainerIteratorTestCase" file="/Users/mikey/workspace/vfsStream/src/test/php/org/bovigo/vfs/vfsStreamContainerIteratorTestCase.php" line="23" assertions="14" time="0.013684"/>
    </testsuite>
    <testsuite name="vfsStreamDirectoryIssue18TestCase" file="/Users/mikey/workspace/vfsStream/src/test/php/org/bovigo/vfs/vfsStreamDirectoryIssue18TestCase.php" fullPackage="bovigo_vfs.test" package="bovigo_vfs" subpackage="test" tests="4" assertions="7" failures="0" errors="0" time="0.002271">
      <testcase name="shouldContainThreeSubdirectories" class="vfsStreamDirectoryIssue18TestCase" file="/Users/mikey/workspace/vfsStream/src/test/php/org/bovigo/vfs/vfsStreamDirectoryIssue18TestCase.php" line="42" assertions="1" time="0.000685"/>
      <testcase name="shouldContainSubdirectoryFoo" class="vfsStreamDirectoryIssue18TestCase" file="/Users/mikey/workspace/vfsStream/src/test/php/org/bovigo/vfs/vfsStreamDirectoryIssue18TestCase.php" line="52" assertions="2" time="0.000655"/>
      <testcase name="shouldContainSubdirectoryApp1" class="vfsStreamDirectoryIssue18TestCase" file="/Users/mikey/workspace/vfsStream/src/test/php/org/bovigo/vfs/vfsStreamDirectoryIssue18TestCase.php" line="63" assertions="2" time="0.000465"/>
      <testcase name="shouldContainSubdirectoryApp2" class="vfsStreamDirectoryIssue18TestCase" file="/Users/mikey/workspace/vfsStream/src/test/php/org/bovigo/vfs/vfsStreamDirectoryIssue18TestCase.php" line="74" assertions="2" time="0.000466"/>
    </testsuite>
    <testsuite name="vfsStreamDirectoryTestCase" file="/Users/mikey/workspace/vfsStream/src/test/php/org/bovigo/vfs/vfsStreamDirectoryTestCase.php" fullPackage="bovigo_vfs.test" package="bovigo_vfs" subpackage="test" tests="18" assertions="68" failures="0" errors="0" time="0.012178">
      <testcase name="invalidCharacterInName" class="vfsStreamDirectoryTestCase" file="/Users/mikey/workspace/vfsStream/src/test/php/org/bovigo/vfs/vfsStreamDirectoryTestCase.php" line="39" assertions="1" time="0.000460"/>
      <testcase name="defaultValues" class="vfsStreamDirectoryTestCase" file="/Users/mikey/workspace/vfsStream/src/test/php/org/bovigo/vfs/vfsStreamDirectoryTestCase.php" line="49" assertions="6" time="0.000346"/>
      <testcase name="rename" class="vfsStreamDirectoryTestCase" file="/Users/mikey/workspace/vfsStream/src/test/php/org/bovigo/vfs/vfsStreamDirectoryTestCase.php" line="64" assertions="4" time="0.000330"/>
      <testcase name="renameToInvalidNameThrowsvfsStreamException" class="vfsStreamDirectoryTestCase" file="/Users/mikey/workspace/vfsStream/src/test/php/org/bovigo/vfs/vfsStreamDirectoryTestCase.php" line="79" assertions="1" time="0.000383"/>
      <testcase name="hasNoChildrenByDefault" class="vfsStreamDirectoryTestCase" file="/Users/mikey/workspace/vfsStream/src/test/php/org/bovigo/vfs/vfsStreamDirectoryTestCase.php" line="88" assertions="1" time="0.000254"/>
      <testcase name="hasChildrenReturnsTrueIfAtLeastOneChildPresent" class="vfsStreamDirectoryTestCase" file="/Users/mikey/workspace/vfsStream/src/test/php/org/bovigo/vfs/vfsStreamDirectoryTestCase.php" line="97" assertions="2" time="0.001243"/>
      <testcase name="hasChildReturnsFalseForNonExistingChild" class="vfsStreamDirectoryTestCase" file="/Users/mikey/workspace/vfsStream/src/test/php/org/bovigo/vfs/vfsStreamDirectoryTestCase.php" line="113" assertions="1" time="0.000312"/>
      <testcase name="getChildReturnsNullForNonExistingChild" class="vfsStreamDirectoryTestCase" file="/Users/mikey/workspace/vfsStream/src/test/php/org/bovigo/vfs/vfsStreamDirectoryTestCase.php" line="121" assertions="1" time="0.000294"/>
      <testcase name="removeChildReturnsFalseForNonExistingChild" class="vfsStreamDirectoryTestCase" file="/Users/mikey/workspace/vfsStream/src/test/php/org/bovigo/vfs/vfsStreamDirectoryTestCase.php" line="129" assertions="1" time="0.000275"/>
      <testcase name="nonExistingChild" class="vfsStreamDirectoryTestCase" file="/Users/mikey/workspace/vfsStream/src/test/php/org/bovigo/vfs/vfsStreamDirectoryTestCase.php" line="137" assertions="2" time="0.000624"/>
      <testcase name="childHandling" class="vfsStreamDirectoryTestCase" file="/Users/mikey/workspace/vfsStream/src/test/php/org/bovigo/vfs/vfsStreamDirectoryTestCase.php" line="155" assertions="10" time="0.002857"/>
      <testcase name="childHandlingWithSubdirectory" class="vfsStreamDirectoryTestCase" file="/Users/mikey/workspace/vfsStream/src/test/php/org/bovigo/vfs/vfsStreamDirectoryTestCase.php" line="189" assertions="10" time="0.001231"/>
      <testcase name="addChildReplacesChildWithSameName_Bug_5" class="vfsStreamDirectoryTestCase" file="/Users/mikey/workspace/vfsStream/src/test/php/org/bovigo/vfs/vfsStreamDirectoryTestCase.php" line="222" assertions="6" time="0.001203"/>
      <testcase name="explicitTestForSeparatorWithNestedPaths_Bug_24" class="vfsStreamDirectoryTestCase" file="/Users/mikey/workspace/vfsStream/src/test/php/org/bovigo/vfs/vfsStreamDirectoryTestCase.php" line="254" assertions="6" time="0.001062"/>
      <testcase name="permissions" class="vfsStreamDirectoryTestCase" file="/Users/mikey/workspace/vfsStream/src/test/php/org/bovigo/vfs/vfsStreamDirectoryTestCase.php" line="286" assertions="3" time="0.000307"/>
      <testcase name="permissionsSet" class="vfsStreamDirectoryTestCase" file="/Users/mikey/workspace/vfsStream/src/test/php/org/bovigo/vfs/vfsStreamDirectoryTestCase.php" line="299" assertions="3" time="0.000311"/>
      <testcase name="owner" class="vfsStreamDirectoryTestCase" file="/Users/mikey/workspace/vfsStream/src/test/php/org/bovigo/vfs/vfsStreamDirectoryTestCase.php" line="313" assertions="5" time="0.000323"/>
      <testcase name="group" class="vfsStreamDirectoryTestCase" file="/Users/mikey/workspace/vfsStream/src/test/php/org/bovigo/vfs/vfsStreamDirectoryTestCase.php" line="328" assertions="5" time="0.000363"/>
    </testsuite>
    <testsuite name="vfsStreamFileTestCase" file="/Users/mikey/workspace/vfsStream/src/test/php/org/bovigo/vfs/vfsStreamFileTestCase.php" fullPackage="bovigo_vfs.test" package="bovigo_vfs" subpackage="test" tests="13" assertions="95" failures="0" errors="0" time="0.006303">
      <testcase name="defaultValues" class="vfsStreamFileTestCase" file="/Users/mikey/workspace/vfsStream/src/test/php/org/bovigo/vfs/vfsStreamFileTestCase.php" line="38" assertions="5" time="0.000369"/>
      <testcase name="content" class="vfsStreamFileTestCase" file="/Users/mikey/workspace/vfsStream/src/test/php/org/bovigo/vfs/vfsStreamFileTestCase.php" line="52" assertions="5" time="0.000350"/>
      <testcase name="rename" class="vfsStreamFileTestCase" file="/Users/mikey/workspace/vfsStream/src/test/php/org/bovigo/vfs/vfsStreamFileTestCase.php" line="66" assertions="4" time="0.000966"/>
      <testcase name="readEmptyFile" class="vfsStreamFileTestCase" file="/Users/mikey/workspace/vfsStream/src/test/php/org/bovigo/vfs/vfsStreamFileTestCase.php" line="80" assertions="5" time="0.000497"/>
      <testcase name="read" class="vfsStreamFileTestCase" file="/Users/mikey/workspace/vfsStream/src/test/php/org/bovigo/vfs/vfsStreamFileTestCase.php" line="94" assertions="15" time="0.000578"/>
      <testcase name="seekEmptyFile" class="vfsStreamFileTestCase" file="/Users/mikey/workspace/vfsStream/src/test/php/org/bovigo/vfs/vfsStreamFileTestCase.php" line="119" assertions="13" time="0.000473"/>
      <testcase name="seekRead" class="vfsStreamFileTestCase" file="/Users/mikey/workspace/vfsStream/src/test/php/org/bovigo/vfs/vfsStreamFileTestCase.php" line="141" assertions="19" time="0.000605"/>
      <testcase name="writeEmptyFile" class="vfsStreamFileTestCase" file="/Users/mikey/workspace/vfsStream/src/test/php/org/bovigo/vfs/vfsStreamFileTestCase.php" line="170" assertions="6" time="0.000426"/>
      <testcase name="write" class="vfsStreamFileTestCase" file="/Users/mikey/workspace/vfsStream/src/test/php/org/bovigo/vfs/vfsStreamFileTestCase.php" line="185" assertions="7" time="0.000429"/>
      <testcase name="permissions" class="vfsStreamFileTestCase" file="/Users/mikey/workspace/vfsStream/src/test/php/org/bovigo/vfs/vfsStreamFileTestCase.php" line="203" assertions="3" time="0.000333"/>
      <testcase name="permissionsSet" class="vfsStreamFileTestCase" file="/Users/mikey/workspace/vfsStream/src/test/php/org/bovigo/vfs/vfsStreamFileTestCase.php" line="216" assertions="3" time="0.000347"/>
      <testcase name="owner" class="vfsStreamFileTestCase" file="/Users/mikey/workspace/vfsStream/src/test/php/org/bovigo/vfs/vfsStreamFileTestCase.php" line="230" assertions="5" time="0.000412"/>
      <testcase name="group" class="vfsStreamFileTestCase" file="/Users/mikey/workspace/vfsStream/src/test/php/org/bovigo/vfs/vfsStreamFileTestCase.php" line="245" assertions="5" time="0.000518"/>
    </testsuite>
    <testsuite name="vfsStreamGlobTestCase" file="/Users/mikey/workspace/vfsStream/src/test/php/org/bovigo/vfs/vfsStreamGlobTestCase.php" fullPackage="bovigo_vfs.test" package="bovigo_vfs" subpackage="test" tests="1" assertions="1" failures="0" errors="0" time="0.000898">
      <testcase name="globDoesNotWorkWithVfsStreamUrls" class="vfsStreamGlobTestCase" file="/Users/mikey/workspace/vfsStream/src/test/php/org/bovigo/vfs/vfsStreamGlobTestCase.php" line="23" assertions="1" time="0.000898"/>
    </testsuite>
    <testsuite name="vfsStreamResolveIncludePathTestCase" file="/Users/mikey/workspace/vfsStream/src/test/php/org/bovigo/vfs/vfsStreamResolveIncludePathTestCase.php" fullPackage="bovigo_vfs.test" package="bovigo_vfs" subpackage="test" tests="2" assertions="2" failures="0" errors="0" time="0.001237">
      <testcase name="knownFileCanBeResolved" class="vfsStreamResolveIncludePathTestCase" file="/Users/mikey/workspace/vfsStream/src/test/php/org/bovigo/vfs/vfsStreamResolveIncludePathTestCase.php" line="53" assertions="1" time="0.000721"/>
      <testcase name="unknownFileCanNotBeResolvedYieldsFalse" class="vfsStreamResolveIncludePathTestCase" file="/Users/mikey/workspace/vfsStream/src/test/php/org/bovigo/vfs/vfsStreamResolveIncludePathTestCase.php" line="62" assertions="1" time="0.000516"/>
    </testsuite>
    <testsuite name="vfsStreamTestCase" file="/Users/mikey/workspace/vfsStream/src/test/php/org/bovigo/vfs/vfsStreamTestCase.php" fullPackage="bovigo_vfs.test" package="bovigo_vfs" subpackage="test" tests="39" assertions="172" failures="0" errors="0" time="0.023475">
      <testcase name="url" class="vfsStreamTestCase" file="/Users/mikey/workspace/vfsStream/src/test/php/org/bovigo/vfs/vfsStreamTestCase.php" line="31" assertions="3" time="0.000457"/>
      <testcase name="path" class="vfsStreamTestCase" file="/Users/mikey/workspace/vfsStream/src/test/php/org/bovigo/vfs/vfsStreamTestCase.php" line="43" assertions="3" time="0.000374"/>
      <testcase name="pathConvertsWindowsDirectorySeparators" class="vfsStreamTestCase" file="/Users/mikey/workspace/vfsStream/src/test/php/org/bovigo/vfs/vfsStreamTestCase.php" line="56" assertions="1" time="0.000318"/>
      <testcase name="pathRemovesTrailingWhitespace" class="vfsStreamTestCase" file="/Users/mikey/workspace/vfsStream/src/test/php/org/bovigo/vfs/vfsStreamTestCase.php" line="67" assertions="1" time="0.000308"/>
      <testcase name="pathRemovesTrailingSlash" class="vfsStreamTestCase" file="/Users/mikey/workspace/vfsStream/src/test/php/org/bovigo/vfs/vfsStreamTestCase.php" line="78" assertions="1" time="0.000308"/>
      <testcase name="pathRemovesTrailingSlashAndWhitespace" class="vfsStreamTestCase" file="/Users/mikey/workspace/vfsStream/src/test/php/org/bovigo/vfs/vfsStreamTestCase.php" line="89" assertions="1" time="0.000307"/>
      <testcase name="pathRemovesDoubleSlashes" class="vfsStreamTestCase" file="/Users/mikey/workspace/vfsStream/src/test/php/org/bovigo/vfs/vfsStreamTestCase.php" line="100" assertions="2" time="0.000394"/>
      <testcase name="newFile" class="vfsStreamTestCase" file="/Users/mikey/workspace/vfsStream/src/test/php/org/bovigo/vfs/vfsStreamTestCase.php" line="113" assertions="3" time="0.000360"/>
      <testcase name="newFileWithDifferentPermissions" class="vfsStreamTestCase" file="/Users/mikey/workspace/vfsStream/src/test/php/org/bovigo/vfs/vfsStreamTestCase.php" line="127" assertions="3" time="0.000377"/>
      <testcase name="newSingleDirectory" class="vfsStreamTestCase" file="/Users/mikey/workspace/vfsStream/src/test/php/org/bovigo/vfs/vfsStreamTestCase.php" line="140" assertions="3" time="0.000347"/>
      <testcase name="newSingleDirectoryWithDifferentPermissions" class="vfsStreamTestCase" file="/Users/mikey/workspace/vfsStream/src/test/php/org/bovigo/vfs/vfsStreamTestCase.php" line="154" assertions="3" time="0.000308"/>
      <testcase name="newDirectoryStructure" class="vfsStreamTestCase" file="/Users/mikey/workspace/vfsStream/src/test/php/org/bovigo/vfs/vfsStreamTestCase.php" line="167" assertions="11" time="0.000495"/>
      <testcase name="newDirectoryWithSlashAtStart" class="vfsStreamTestCase" file="/Users/mikey/workspace/vfsStream/src/test/php/org/bovigo/vfs/vfsStreamTestCase.php" line="191" assertions="11" time="0.000473"/>
      <testcase name="setupRegistersStreamWrapperAndCreatesRootDirectoryWithDefaultNameAndPermissions" class="vfsStreamTestCase" file="/Users/mikey/workspace/vfsStream/src/test/php/org/bovigo/vfs/vfsStreamTestCase.php" line="215" assertions="3" time="0.000308"/>
      <testcase name="setupRegistersStreamWrapperAndCreatesRootDirectoryWithGivenNameAndDefaultPermissions" class="vfsStreamTestCase" file="/Users/mikey/workspace/vfsStream/src/test/php/org/bovigo/vfs/vfsStreamTestCase.php" line="228" assertions="3" time="0.000302"/>
      <testcase name="setupRegistersStreamWrapperAndCreatesRootDirectoryWithGivenNameAndPermissions" class="vfsStreamTestCase" file="/Users/mikey/workspace/vfsStream/src/test/php/org/bovigo/vfs/vfsStreamTestCase.php" line="241" assertions="3" time="0.000302"/>
      <testcase name="setupWithEmptyArrayIsEqualToSetup" class="vfsStreamTestCase" file="/Users/mikey/workspace/vfsStream/src/test/php/org/bovigo/vfs/vfsStreamTestCase.php" line="255" assertions="3" time="0.000298"/>
      <testcase name="setupArraysAreTurnedIntoSubdirectories" class="vfsStreamTestCase" file="/Users/mikey/workspace/vfsStream/src/test/php/org/bovigo/vfs/vfsStreamTestCase.php" line="272" assertions="4" time="0.000364"/>
      <testcase name="setupStringsAreTurnedIntoFilesWithContent" class="vfsStreamTestCase" file="/Users/mikey/workspace/vfsStream/src/test/php/org/bovigo/vfs/vfsStreamTestCase.php" line="292" assertions="4" time="0.000369"/>
      <testcase name="setupWorksRecursively" class="vfsStreamTestCase" file="/Users/mikey/workspace/vfsStream/src/test/php/org/bovigo/vfs/vfsStreamTestCase.php" line="309" assertions="13" time="0.000580"/>
      <testcase name="setupCastsNumericDirectoriesToStrings" class="vfsStreamTestCase" file="/Users/mikey/workspace/vfsStream/src/test/php/org/bovigo/vfs/vfsStreamTestCase.php" line="339" assertions="4" time="0.000478"/>
      <testcase name="createArraysAreTurnedIntoSubdirectories" class="vfsStreamTestCase" file="/Users/mikey/workspace/vfsStream/src/test/php/org/bovigo/vfs/vfsStreamTestCase.php" line="358" assertions="4" time="0.000543"/>
      <testcase name="createArraysAreTurnedIntoSubdirectoriesOfRoot" class="vfsStreamTestCase" file="/Users/mikey/workspace/vfsStream/src/test/php/org/bovigo/vfs/vfsStreamTestCase.php" line="374" assertions="5" time="0.000627"/>
      <testcase name="createThrowsExceptionIfNoBaseDirGivenAndNoRootSet" class="vfsStreamTestCase" file="/Users/mikey/workspace/vfsStream/src/test/php/org/bovigo/vfs/vfsStreamTestCase.php" line="392" assertions="1" time="0.000540"/>
      <testcase name="createWorksRecursively" class="vfsStreamTestCase" file="/Users/mikey/workspace/vfsStream/src/test/php/org/bovigo/vfs/vfsStreamTestCase.php" line="402" assertions="13" time="0.000553"/>
      <testcase name="createWorksRecursivelyWithRoot" class="vfsStreamTestCase" file="/Users/mikey/workspace/vfsStream/src/test/php/org/bovigo/vfs/vfsStreamTestCase.php" line="431" assertions="14" time="0.000712"/>
      <testcase name="createStringsAreTurnedIntoFilesWithContent" class="vfsStreamTestCase" file="/Users/mikey/workspace/vfsStream/src/test/php/org/bovigo/vfs/vfsStreamTestCase.php" line="462" assertions="4" time="0.000586"/>
      <testcase name="createStringsAreTurnedIntoFilesWithContentWithRoot" class="vfsStreamTestCase" file="/Users/mikey/workspace/vfsStream/src/test/php/org/bovigo/vfs/vfsStreamTestCase.php" line="475" assertions="5" time="0.000583"/>
      <testcase name="createCastsNumericDirectoriesToStrings" class="vfsStreamTestCase" file="/Users/mikey/workspace/vfsStream/src/test/php/org/bovigo/vfs/vfsStreamTestCase.php" line="491" assertions="3" time="0.000590"/>
      <testcase name="createCastsNumericDirectoriesToStringsWithRoot" class="vfsStreamTestCase" file="/Users/mikey/workspace/vfsStream/src/test/php/org/bovigo/vfs/vfsStreamTestCase.php" line="505" assertions="4" time="0.000627"/>
      <testcase name="inspectWithContentGivesContentToVisitor" class="vfsStreamTestCase" file="/Users/mikey/workspace/vfsStream/src/test/php/org/bovigo/vfs/vfsStreamTestCase.php" line="538" assertions="2" time="0.002132"/>
      <testcase name="inspectWithoutContentGivesRootToVisitor" class="vfsStreamTestCase" file="/Users/mikey/workspace/vfsStream/src/test/php/org/bovigo/vfs/vfsStreamTestCase.php" line="554" assertions="2" time="0.003221"/>
      <testcase name="inspectWithoutContentAndWithoutRootThrowsInvalidArgumentException" class="vfsStreamTestCase" file="/Users/mikey/workspace/vfsStream/src/test/php/org/bovigo/vfs/vfsStreamTestCase.php" line="571" assertions="2" time="0.000563"/>
      <testcase name="copyFromFileSystemThrowsExceptionIfNoBaseDirGivenAndNoRootSet" class="vfsStreamTestCase" file="/Users/mikey/workspace/vfsStream/src/test/php/org/bovigo/vfs/vfsStreamTestCase.php" line="597" assertions="1" time="0.000399"/>
      <testcase name="copyFromEmptyFolder" class="vfsStreamTestCase" file="/Users/mikey/workspace/vfsStream/src/test/php/org/bovigo/vfs/vfsStreamTestCase.php" line="607" assertions="1" time="0.000503"/>
      <testcase name="copyFromEmptyFolderWithRoot" class="vfsStreamTestCase" file="/Users/mikey/workspace/vfsStream/src/test/php/org/bovigo/vfs/vfsStreamTestCase.php" line="621" assertions="2" time="0.000439"/>
      <testcase name="copyFromWithSubFolders" class="vfsStreamTestCase" file="/Users/mikey/workspace/vfsStream/src/test/php/org/bovigo/vfs/vfsStreamTestCase.php" line="636" assertions="11" time="0.001051"/>
      <testcase name="copyFromWithSubFoldersWithRoot" class="vfsStreamTestCase" file="/Users/mikey/workspace/vfsStream/src/test/php/org/bovigo/vfs/vfsStreamTestCase.php" line="659" assertions="12" time="0.001043"/>
      <testcase name="copyFromPreservesFilePermissions" class="vfsStreamTestCase" file="/Users/mikey/workspace/vfsStream/src/test/php/org/bovigo/vfs/vfsStreamTestCase.php" line="686" assertions="3" time="0.000937"/>
    </testsuite>
    <testsuite name="vfsStreamUmaskTestCase" file="/Users/mikey/workspace/vfsStream/src/test/php/org/bovigo/vfs/vfsStreamUmaskTestCase.php" fullPackage="bovigo_vfs.test" package="bovigo_vfs" subpackage="test" tests="15" assertions="17" failures="0" errors="0" time="0.008729">
      <testcase name="gettingUmaskSettingDoesNotChangeUmaskSetting" class="vfsStreamUmaskTestCase" file="/Users/mikey/workspace/vfsStream/src/test/php/org/bovigo/vfs/vfsStreamUmaskTestCase.php" line="42" assertions="2" time="0.000362"/>
      <testcase name="changingUmaskSettingReturnsOldUmaskSetting" class="vfsStreamUmaskTestCase" file="/Users/mikey/workspace/vfsStream/src/test/php/org/bovigo/vfs/vfsStreamUmaskTestCase.php" line="55" assertions="2" time="0.000300"/>
      <testcase name="createFileWithDefaultUmaskSetting" class="vfsStreamUmaskTestCase" file="/Users/mikey/workspace/vfsStream/src/test/php/org/bovigo/vfs/vfsStreamUmaskTestCase.php" line="68" assertions="1" time="0.000678"/>
      <testcase name="createFileWithDifferentUmaskSetting" class="vfsStreamUmaskTestCase" file="/Users/mikey/workspace/vfsStream/src/test/php/org/bovigo/vfs/vfsStreamUmaskTestCase.php" line="77" assertions="1" time="0.000432"/>
      <testcase name="createDirectoryWithDefaultUmaskSetting" class="vfsStreamUmaskTestCase" file="/Users/mikey/workspace/vfsStream/src/test/php/org/bovigo/vfs/vfsStreamUmaskTestCase.php" line="87" assertions="1" time="0.000367"/>
      <testcase name="createDirectoryWithDifferentUmaskSetting" class="vfsStreamUmaskTestCase" file="/Users/mikey/workspace/vfsStream/src/test/php/org/bovigo/vfs/vfsStreamUmaskTestCase.php" line="96" assertions="1" time="0.000344"/>
      <testcase name="createFileUsingStreamWithDefaultUmaskSetting" class="vfsStreamUmaskTestCase" file="/Users/mikey/workspace/vfsStream/src/test/php/org/bovigo/vfs/vfsStreamUmaskTestCase.php" line="106" assertions="1" time="0.000574"/>
      <testcase name="createFileUsingStreamWithDifferentUmaskSetting" class="vfsStreamUmaskTestCase" file="/Users/mikey/workspace/vfsStream/src/test/php/org/bovigo/vfs/vfsStreamUmaskTestCase.php" line="116" assertions="1" time="0.000496"/>
      <testcase name="createDirectoryUsingStreamWithDefaultUmaskSetting" class="vfsStreamUmaskTestCase" file="/Users/mikey/workspace/vfsStream/src/test/php/org/bovigo/vfs/vfsStreamUmaskTestCase.php" line="127" assertions="1" time="0.001193"/>
      <testcase name="createDirectoryUsingStreamWithDifferentUmaskSetting" class="vfsStreamUmaskTestCase" file="/Users/mikey/workspace/vfsStream/src/test/php/org/bovigo/vfs/vfsStreamUmaskTestCase.php" line="137" assertions="1" time="0.001101"/>
      <testcase name="createDirectoryUsingStreamWithExplicit0" class="vfsStreamUmaskTestCase" file="/Users/mikey/workspace/vfsStream/src/test/php/org/bovigo/vfs/vfsStreamUmaskTestCase.php" line="148" assertions="1" time="0.000685"/>
      <testcase name="createDirectoryUsingStreamWithDifferentUmaskSettingButExplicit0777" class="vfsStreamUmaskTestCase" file="/Users/mikey/workspace/vfsStream/src/test/php/org/bovigo/vfs/vfsStreamUmaskTestCase.php" line="160" assertions="1" time="0.000589"/>
      <testcase name="createDirectoryUsingStreamWithDifferentUmaskSettingButExplicitModeRequestedByCall" class="vfsStreamUmaskTestCase" file="/Users/mikey/workspace/vfsStream/src/test/php/org/bovigo/vfs/vfsStreamUmaskTestCase.php" line="171" assertions="1" time="0.000619"/>
      <testcase name="defaultUmaskSettingDoesNotInfluenceSetup" class="vfsStreamUmaskTestCase" file="/Users/mikey/workspace/vfsStream/src/test/php/org/bovigo/vfs/vfsStreamUmaskTestCase.php" line="182" assertions="1" time="0.000496"/>
      <testcase name="umaskSettingShouldBeRespectedBySetup" class="vfsStreamUmaskTestCase" file="/Users/mikey/workspace/vfsStream/src/test/php/org/bovigo/vfs/vfsStreamUmaskTestCase.php" line="191" assertions="1" time="0.000494"/>
    </testsuite>
    <testsuite name="vfsStreamWrapperAlreadyRegisteredTestCase" file="/Users/mikey/workspace/vfsStream/src/test/php/org/bovigo/vfs/vfsStreamWrapperAlreadyRegisteredTestCase.php" fullPackage="bovigo_vfs.test" package="bovigo_vfs" subpackage="test" tests="1" assertions="1" failures="0" errors="0" time="0.005235">
      <testcase name="registerOverAnotherStreamWrapper" class="vfsStreamWrapperAlreadyRegisteredTestCase" file="/Users/mikey/workspace/vfsStream/src/test/php/org/bovigo/vfs/vfsStreamWrapperAlreadyRegisteredTestCase.php" line="63" assertions="1" time="0.005235"/>
    </testsuite>
    <testsuite name="vfsStreamWrapperDirSeparatorTestCase" file="/Users/mikey/workspace/vfsStream/src/test/php/org/bovigo/vfs/vfsStreamWrapperDirSeparatorTestCase.php" fullPackage="bovigo_vfs.test" package="bovigo_vfs" subpackage="test" tests="2" assertions="4" failures="0" errors="0" time="0.001566">
      <testcase name="fileCanBeAccessedUsingWinDirSeparator" class="vfsStreamWrapperDirSeparatorTestCase" file="/Users/mikey/workspace/vfsStream/src/test/php/org/bovigo/vfs/vfsStreamWrapperDirSeparatorTestCase.php" line="38" assertions="1" time="0.000818"/>
      <testcase name="directoryCanBeCreatedUsingWinDirSeparator" class="vfsStreamWrapperDirSeparatorTestCase" file="/Users/mikey/workspace/vfsStream/src/test/php/org/bovigo/vfs/vfsStreamWrapperDirSeparatorTestCase.php" line="50" assertions="3" time="0.000748"/>
    </testsuite>
    <testsuite name="vfsStreamWrapperMkDirTestCase" file="/Users/mikey/workspace/vfsStream/src/test/php/org/bovigo/vfs/vfsStreamWrapperDirTestCase.php" fullPackage="bovigo_vfs.test" package="bovigo_vfs" subpackage="test" tests="36" assertions="116" failures="0" errors="0" time="0.020357">
      <testcase name="mkdirNoNewRoot" class="vfsStreamWrapperMkDirTestCase" file="/Users/mikey/workspace/vfsStream/src/test/php/org/bovigo/vfs/vfsStreamWrapperDirTestCase.php" line="24" assertions="3" time="0.000658"/>
      <testcase name="mkdirNoNewRootRecursively" class="vfsStreamWrapperMkDirTestCase" file="/Users/mikey/workspace/vfsStream/src/test/php/org/bovigo/vfs/vfsStreamWrapperDirTestCase.php" line="36" assertions="3" time="0.000543"/>
      <testcase name="mkdirNonRecursively" class="vfsStreamWrapperMkDirTestCase" file="/Users/mikey/workspace/vfsStream/src/test/php/org/bovigo/vfs/vfsStreamWrapperDirTestCase.php" line="49" assertions="5" time="0.000931"/>
      <testcase name="mkdirRecursively" class="vfsStreamWrapperMkDirTestCase" file="/Users/mikey/workspace/vfsStream/src/test/php/org/bovigo/vfs/vfsStreamWrapperDirTestCase.php" line="64" assertions="5" time="0.000836"/>
      <testcase name="mkdirWithDots" class="vfsStreamWrapperMkDirTestCase" file="/Users/mikey/workspace/vfsStream/src/test/php/org/bovigo/vfs/vfsStreamWrapperDirTestCase.php" line="79" assertions="3" time="0.000501"/>
      <testcase name="mkdirWithoutRootCreatesNewRoot" class="vfsStreamWrapperMkDirTestCase" file="/Users/mikey/workspace/vfsStream/src/test/php/org/bovigo/vfs/vfsStreamWrapperDirTestCase.php" line="92" assertions="4" time="0.000518"/>
      <testcase name="mkdirOnFileReturnsFalse" class="vfsStreamWrapperMkDirTestCase" file="/Users/mikey/workspace/vfsStream/src/test/php/org/bovigo/vfs/vfsStreamWrapperDirTestCase.php" line="106" assertions="1" time="0.000445"/>
      <testcase name="mkdirNonRecursivelyDifferentPermissions" class="vfsStreamWrapperMkDirTestCase" file="/Users/mikey/workspace/vfsStream/src/test/php/org/bovigo/vfs/vfsStreamWrapperDirTestCase.php" line="117" assertions="2" time="0.000443"/>
      <testcase name="mkdirRecursivelyDifferentPermissions" class="vfsStreamWrapperMkDirTestCase" file="/Users/mikey/workspace/vfsStream/src/test/php/org/bovigo/vfs/vfsStreamWrapperDirTestCase.php" line="129" assertions="5" time="0.000572"/>
      <testcase name="mkdirRecursivelyUsesDefaultPermissions" class="vfsStreamWrapperMkDirTestCase" file="/Users/mikey/workspace/vfsStream/src/test/php/org/bovigo/vfs/vfsStreamWrapperDirTestCase.php" line="145" assertions="5" time="0.000594"/>
      <testcase name="mkdirWithoutRootCreatesNewRootDifferentPermissions" class="vfsStreamWrapperMkDirTestCase" file="/Users/mikey/workspace/vfsStream/src/test/php/org/bovigo/vfs/vfsStreamWrapperDirTestCase.php" line="162" assertions="4" time="0.000479"/>
      <testcase name="mkdirWithoutRootCreatesNewRootWithDefaultPermissions" class="vfsStreamWrapperMkDirTestCase" file="/Users/mikey/workspace/vfsStream/src/test/php/org/bovigo/vfs/vfsStreamWrapperDirTestCase.php" line="177" assertions="4" time="0.000474"/>
      <testcase name="mkdirDirCanNotCreateNewDirInNonWritingDirectory" class="vfsStreamWrapperMkDirTestCase" file="/Users/mikey/workspace/vfsStream/src/test/php/org/bovigo/vfs/vfsStreamWrapperDirTestCase.php" line="191" assertions="3" time="0.000669"/>
      <testcase name="mkDirShouldNotOverwriteExistingDirectories" class="vfsStreamWrapperMkDirTestCase" file="/Users/mikey/workspace/vfsStream/src/test/php/org/bovigo/vfs/vfsStreamWrapperDirTestCase.php" line="205" assertions="2" time="0.000657"/>
      <testcase name="mkDirShouldNotOverwriteExistingDirectoriesAndTriggerE_USER_WARNING" class="vfsStreamWrapperMkDirTestCase" file="/Users/mikey/workspace/vfsStream/src/test/php/org/bovigo/vfs/vfsStreamWrapperDirTestCase.php" line="219" assertions="3" time="0.001349"/>
      <testcase name="mkDirShouldNotOverwriteExistingFiles" class="vfsStreamWrapperMkDirTestCase" file="/Users/mikey/workspace/vfsStream/src/test/php/org/bovigo/vfs/vfsStreamWrapperDirTestCase.php" line="231" assertions="1" time="0.000656"/>
      <testcase name="mkDirShouldNotOverwriteExistingFilesAndTriggerE_USER_WARNING" class="vfsStreamWrapperMkDirTestCase" file="/Users/mikey/workspace/vfsStream/src/test/php/org/bovigo/vfs/vfsStreamWrapperDirTestCase.php" line="244" assertions="2" time="0.000667"/>
      <testcase name="canNotIterateOverNonReadableDirectory" class="vfsStreamWrapperMkDirTestCase" file="/Users/mikey/workspace/vfsStream/src/test/php/org/bovigo/vfs/vfsStreamWrapperDirTestCase.php" line="256" assertions="2" time="0.000446"/>
      <testcase name="directoryIteration" class="vfsStreamWrapperMkDirTestCase" file="/Users/mikey/workspace/vfsStream/src/test/php/org/bovigo/vfs/vfsStreamWrapperDirTestCase.php" line="267" assertions="6" time="0.000459"/>
      <testcase name="directoryIterationWithDot" class="vfsStreamWrapperMkDirTestCase" file="/Users/mikey/workspace/vfsStream/src/test/php/org/bovigo/vfs/vfsStreamWrapperDirTestCase.php" line="291" assertions="6" time="0.000426"/>
      <testcase name="directoryIterationWithOpenDir_Bug_2" class="vfsStreamWrapperMkDirTestCase" file="/Users/mikey/workspace/vfsStream/src/test/php/org/bovigo/vfs/vfsStreamWrapperDirTestCase.php" line="319" assertions="6" time="0.000434"/>
      <testcase name="directoryIteration_Bug_4" class="vfsStreamWrapperMkDirTestCase" file="/Users/mikey/workspace/vfsStream/src/test/php/org/bovigo/vfs/vfsStreamWrapperDirTestCase.php" line="349" assertions="3" time="0.000762"/>
      <testcase name="directoryIterationShouldBeIndependent" class="vfsStreamWrapperMkDirTestCase" file="/Users/mikey/workspace/vfsStream/src/test/php/org/bovigo/vfs/vfsStreamWrapperDirTestCase.php" line="392" assertions="3" time="0.000607"/>
      <testcase name="is_dir" class="vfsStreamWrapperMkDirTestCase" file="/Users/mikey/workspace/vfsStream/src/test/php/org/bovigo/vfs/vfsStreamWrapperDirTestCase.php" line="426" assertions="8" time="0.000695"/>
      <testcase name="canNotUnlinkDirectoryWithoutRoot" class="vfsStreamWrapperMkDirTestCase" file="/Users/mikey/workspace/vfsStream/src/test/php/org/bovigo/vfs/vfsStreamWrapperDirTestCase.php" line="443" assertions="1" time="0.000337"/>
      <testcase name="rmdirCanNotRemoveFiles" class="vfsStreamWrapperMkDirTestCase" file="/Users/mikey/workspace/vfsStream/src/test/php/org/bovigo/vfs/vfsStreamWrapperDirTestCase.php" line="454" assertions="2" time="0.000394"/>
      <testcase name="rmdirCanNotRemoveNonExistingDirectory" class="vfsStreamWrapperMkDirTestCase" file="/Users/mikey/workspace/vfsStream/src/test/php/org/bovigo/vfs/vfsStreamWrapperDirTestCase.php" line="465" assertions="1" time="0.000335"/>
      <testcase name="rmdirCanNotRemoveNonEmptyDirectory" class="vfsStreamWrapperMkDirTestCase" file="/Users/mikey/workspace/vfsStream/src/test/php/org/bovigo/vfs/vfsStreamWrapperDirTestCase.php" line="475" assertions="2" time="0.000358"/>
      <testcase name="rmdirCanRemoveEmptyDirectory" class="vfsStreamWrapperMkDirTestCase" file="/Users/mikey/workspace/vfsStream/src/test/php/org/bovigo/vfs/vfsStreamWrapperDirTestCase.php" line="484" assertions="3" time="0.000417"/>
      <testcase name="rmdirCanRemoveEmptyDirectoryWithDot" class="vfsStreamWrapperMkDirTestCase" file="/Users/mikey/workspace/vfsStream/src/test/php/org/bovigo/vfs/vfsStreamWrapperDirTestCase.php" line="495" assertions="3" time="0.000457"/>
      <testcase name="rmdirCanRemoveEmptyRoot" class="vfsStreamWrapperMkDirTestCase" file="/Users/mikey/workspace/vfsStream/src/test/php/org/bovigo/vfs/vfsStreamWrapperDirTestCase.php" line="508" assertions="3" time="0.000399"/>
      <testcase name="rmdirDirCanNotRemoveDirFromNonWritingDirectory" class="vfsStreamWrapperMkDirTestCase" file="/Users/mikey/workspace/vfsStream/src/test/php/org/bovigo/vfs/vfsStreamWrapperDirTestCase.php" line="522" assertions="3" time="0.000463"/>
      <testcase name="issue17" class="vfsStreamWrapperMkDirTestCase" file="/Users/mikey/workspace/vfsStream/src/test/php/org/bovigo/vfs/vfsStreamWrapperDirTestCase.php" line="537" assertions="2" time="0.000417"/>
      <testcase name="accessWithDoubleDotReturnsCorrectContent" class="vfsStreamWrapperMkDirTestCase" file="/Users/mikey/workspace/vfsStream/src/test/php/org/bovigo/vfs/vfsStreamWrapperDirTestCase.php" line="551" assertions="1" time="0.000461"/>
      <testcase name="unlinkCanNotRemoveNonEmptyDirectory" class="vfsStreamWrapperMkDirTestCase" file="/Users/mikey/workspace/vfsStream/src/test/php/org/bovigo/vfs/vfsStreamWrapperDirTestCase.php" line="563" assertions="3" time="0.000880"/>
      <testcase name="unlinkCanNotRemoveEmptyDirectory" class="vfsStreamWrapperMkDirTestCase" file="/Users/mikey/workspace/vfsStream/src/test/php/org/bovigo/vfs/vfsStreamWrapperDirTestCase.php" line="580" assertions="3" time="0.000618"/>
    </testsuite>
    <testsuite name="vfsStreamWrapperFileTestCase" file="/Users/mikey/workspace/vfsStream/src/test/php/org/bovigo/vfs/vfsStreamWrapperFileTestCase.php" fullPackage="bovigo_vfs.test" package="bovigo_vfs" subpackage="test" tests="22" assertions="71" failures="0" errors="0" time="0.016371">
      <testcase name="file_get_contents" class="vfsStreamWrapperFileTestCase" file="/Users/mikey/workspace/vfsStream/src/test/php/org/bovigo/vfs/vfsStreamWrapperFileTestCase.php" line="25" assertions="4" time="0.000845"/>
      <testcase name="file_get_contentsNonReadableFile" class="vfsStreamWrapperFileTestCase" file="/Users/mikey/workspace/vfsStream/src/test/php/org/bovigo/vfs/vfsStreamWrapperFileTestCase.php" line="38" assertions="1" time="0.000542"/>
      <testcase name="file_put_contentsExistingFile" class="vfsStreamWrapperFileTestCase" file="/Users/mikey/workspace/vfsStream/src/test/php/org/bovigo/vfs/vfsStreamWrapperFileTestCase.php" line="51" assertions="6" time="0.000657"/>
      <testcase name="file_put_contentsExistingFileNonWritableDirectory" class="vfsStreamWrapperFileTestCase" file="/Users/mikey/workspace/vfsStream/src/test/php/org/bovigo/vfs/vfsStreamWrapperFileTestCase.php" line="66" assertions="2" time="0.000693"/>
      <testcase name="file_put_contentsExistingNonWritableFile" class="vfsStreamWrapperFileTestCase" file="/Users/mikey/workspace/vfsStream/src/test/php/org/bovigo/vfs/vfsStreamWrapperFileTestCase.php" line="81" assertions="2" time="0.000629"/>
      <testcase name="file_put_contentsNonExistingFile" class="vfsStreamWrapperFileTestCase" file="/Users/mikey/workspace/vfsStream/src/test/php/org/bovigo/vfs/vfsStreamWrapperFileTestCase.php" line="95" assertions="4" time="0.001052"/>
      <testcase name="file_put_contentsNonExistingFileNonWritableDirectory" class="vfsStreamWrapperFileTestCase" file="/Users/mikey/workspace/vfsStream/src/test/php/org/bovigo/vfs/vfsStreamWrapperFileTestCase.php" line="108" assertions="2" time="0.000721"/>
      <testcase name="usingFilePointer" class="vfsStreamWrapperFileTestCase" file="/Users/mikey/workspace/vfsStream/src/test/php/org/bovigo/vfs/vfsStreamWrapperFileTestCase.php" line="122" assertions="17" time="0.001118"/>
      <testcase name="is_file" class="vfsStreamWrapperFileTestCase" file="/Users/mikey/workspace/vfsStream/src/test/php/org/bovigo/vfs/vfsStreamWrapperFileTestCase.php" line="149" assertions="6" time="0.001695"/>
      <testcase name="issue13CanNotOverwriteFiles" class="vfsStreamWrapperFileTestCase" file="/Users/mikey/workspace/vfsStream/src/test/php/org/bovigo/vfs/vfsStreamWrapperFileTestCase.php" line="164" assertions="1" time="0.001110"/>
      <testcase name="appendContentIfOpenedWithModeA" class="vfsStreamWrapperFileTestCase" file="/Users/mikey/workspace/vfsStream/src/test/php/org/bovigo/vfs/vfsStreamWrapperFileTestCase.php" line="177" assertions="1" time="0.000720"/>
      <testcase name="canOverwriteNonExistingFileWithModeX" class="vfsStreamWrapperFileTestCase" file="/Users/mikey/workspace/vfsStream/src/test/php/org/bovigo/vfs/vfsStreamWrapperFileTestCase.php" line="192" assertions="1" time="0.000582"/>
      <testcase name="canNotOverwriteExistingFileWithModeX" class="vfsStreamWrapperFileTestCase" file="/Users/mikey/workspace/vfsStream/src/test/php/org/bovigo/vfs/vfsStreamWrapperFileTestCase.php" line="206" assertions="2" time="0.000624"/>
      <testcase name="canNotOpenNonExistingFileReadonly" class="vfsStreamWrapperFileTestCase" file="/Users/mikey/workspace/vfsStream/src/test/php/org/bovigo/vfs/vfsStreamWrapperFileTestCase.php" line="219" assertions="1" time="0.000411"/>
      <testcase name="canNotOpenNonExistingFileReadAndWrite" class="vfsStreamWrapperFileTestCase" file="/Users/mikey/workspace/vfsStream/src/test/php/org/bovigo/vfs/vfsStreamWrapperFileTestCase.php" line="229" assertions="1" time="0.000671"/>
      <testcase name="canNotOpenWithIllegalMode" class="vfsStreamWrapperFileTestCase" file="/Users/mikey/workspace/vfsStream/src/test/php/org/bovigo/vfs/vfsStreamWrapperFileTestCase.php" line="239" assertions="1" time="0.000376"/>
      <testcase name="canNotWriteToReadOnlyFile" class="vfsStreamWrapperFileTestCase" file="/Users/mikey/workspace/vfsStream/src/test/php/org/bovigo/vfs/vfsStreamWrapperFileTestCase.php" line="249" assertions="3" time="0.000731"/>
      <testcase name="canNotReadFromWriteOnlyFileWithModeW" class="vfsStreamWrapperFileTestCase" file="/Users/mikey/workspace/vfsStream/src/test/php/org/bovigo/vfs/vfsStreamWrapperFileTestCase.php" line="263" assertions="4" time="0.000577"/>
      <testcase name="canNotReadFromWriteOnlyFileWithModeA" class="vfsStreamWrapperFileTestCase" file="/Users/mikey/workspace/vfsStream/src/test/php/org/bovigo/vfs/vfsStreamWrapperFileTestCase.php" line="279" assertions="4" time="0.000556"/>
      <testcase name="canNotReadFromWriteOnlyFileWithModeX" class="vfsStreamWrapperFileTestCase" file="/Users/mikey/workspace/vfsStream/src/test/php/org/bovigo/vfs/vfsStreamWrapperFileTestCase.php" line="295" assertions="4" time="0.000591"/>
      <testcase name="canNotRemoveFileWithoutWritePermissions" class="vfsStreamWrapperFileTestCase" file="/Users/mikey/workspace/vfsStream/src/test/php/org/bovigo/vfs/vfsStreamWrapperFileTestCase.php" line="312" assertions="2" time="0.000671"/>
      <testcase name="canNotRemoveFileFromDirectoryWithoutWritePermissions" class="vfsStreamWrapperFileTestCase" file="/Users/mikey/workspace/vfsStream/src/test/php/org/bovigo/vfs/vfsStreamWrapperFileTestCase.php" line="326" assertions="2" time="0.000799"/>
    </testsuite>
    <testsuite name="vfsStreamWrapperFileTimesTestCase" file="/Users/mikey/workspace/vfsStream/src/test/php/org/bovigo/vfs/vfsStreamWrapperFileTimesTestCase.php" fullPackage="bovigo_vfs.test" package="bovigo_vfs" subpackage="test" tests="13" assertions="89" failures="0" errors="0" time="6.013882">
      <testcase name="openFileChangesAttributeTimeOnly" class="vfsStreamWrapperFileTimesTestCase" file="/Users/mikey/workspace/vfsStream/src/test/php/org/bovigo/vfs/vfsStreamWrapperFileTimesTestCase.php" line="70" assertions="9" time="0.001963"/>
      <testcase name="fileGetContentsChangesAttributeTimeOnly" class="vfsStreamWrapperFileTimesTestCase" file="/Users/mikey/workspace/vfsStream/src/test/php/org/bovigo/vfs/vfsStreamWrapperFileTimesTestCase.php" line="91" assertions="9" time="0.001151"/>
      <testcase name="openFileWithTruncateChangesAttributeAndModificationTime" class="vfsStreamWrapperFileTimesTestCase" file="/Users/mikey/workspace/vfsStream/src/test/php/org/bovigo/vfs/vfsStreamWrapperFileTimesTestCase.php" line="112" assertions="10" time="0.000787"/>
      <testcase name="readFileChangesAccessTime" class="vfsStreamWrapperFileTimesTestCase" file="/Users/mikey/workspace/vfsStream/src/test/php/org/bovigo/vfs/vfsStreamWrapperFileTimesTestCase.php" line="133" assertions="8" time="3.001626"/>
      <testcase name="writeFileChangesModificationTime" class="vfsStreamWrapperFileTimesTestCase" file="/Users/mikey/workspace/vfsStream/src/test/php/org/bovigo/vfs/vfsStreamWrapperFileTimesTestCase.php" line="156" assertions="8" time="3.001441"/>
      <testcase name="createNewFileSetsAllTimesToCurrentTime" class="vfsStreamWrapperFileTimesTestCase" file="/Users/mikey/workspace/vfsStream/src/test/php/org/bovigo/vfs/vfsStreamWrapperFileTimesTestCase.php" line="179" assertions="7" time="0.001213"/>
      <testcase name="createNewFileChangesAttributeAndModificationTimeOfContainingDirectory" class="vfsStreamWrapperFileTimesTestCase" file="/Users/mikey/workspace/vfsStream/src/test/php/org/bovigo/vfs/vfsStreamWrapperFileTimesTestCase.php" line="192" assertions="8" time="0.000996"/>
      <testcase name="addNewFileNameWithLinkFunctionChangesAttributeTimeOfOriginalFile" class="vfsStreamWrapperFileTimesTestCase" file="/Users/mikey/workspace/vfsStream/src/test/php/org/bovigo/vfs/vfsStreamWrapperFileTimesTestCase.php" line="210" assertions="0" time="0.000865"/>
      <testcase name="addNewFileNameWithLinkFunctionChangesAttributeAndModificationTimeOfDirectoryContainingLink" class="vfsStreamWrapperFileTimesTestCase" file="/Users/mikey/workspace/vfsStream/src/test/php/org/bovigo/vfs/vfsStreamWrapperFileTimesTestCase.php" line="219" assertions="0" time="0.000557"/>
      <testcase name="removeFileChangesAttributeAndModificationTimeOfContainingDirectory" class="vfsStreamWrapperFileTimesTestCase" file="/Users/mikey/workspace/vfsStream/src/test/php/org/bovigo/vfs/vfsStreamWrapperFileTimesTestCase.php" line="228" assertions="8" time="0.000866"/>
      <testcase name="renameFileChangesAttributeAndModificationTimeOfAffectedDirectories" class="vfsStreamWrapperFileTimesTestCase" file="/Users/mikey/workspace/vfsStream/src/test/php/org/bovigo/vfs/vfsStreamWrapperFileTimesTestCase.php" line="251" assertions="16" time="0.001005"/>
      <testcase name="renameFileDoesNotChangeFileTimesOfFileItself" class="vfsStreamWrapperFileTimesTestCase" file="/Users/mikey/workspace/vfsStream/src/test/php/org/bovigo/vfs/vfsStreamWrapperFileTimesTestCase.php" line="283" assertions="6" time="0.001000"/>
      <testcase name="changeFileAttributesChangesAttributeTimeOfFileItself" class="vfsStreamWrapperFileTimesTestCase" file="/Users/mikey/workspace/vfsStream/src/test/php/org/bovigo/vfs/vfsStreamWrapperFileTimesTestCase.php" line="311" assertions="0" time="0.000412"/>
    </testsuite>
    <testsuite name="vfsStreamWrapperFlockTestCase" file="/Users/mikey/workspace/vfsStream/src/test/php/org/bovigo/vfs/vfsStreamWrapperFlockTestCase.php" fullPackage="bovigo_vfs.test" package="bovigo_vfs" subpackage="test" tests="8" assertions="26" failures="0" errors="0" time="0.003289">
      <testcase name="fileIsNotLockedByDefault" class="vfsStreamWrapperFlockTestCase" file="/Users/mikey/workspace/vfsStream/src/test/php/org/bovigo/vfs/vfsStreamWrapperFlockTestCase.php" line="39" assertions="1" time="0.000356"/>
      <testcase name="streamIsNotLockedByDefault" class="vfsStreamWrapperFlockTestCase" file="/Users/mikey/workspace/vfsStream/src/test/php/org/bovigo/vfs/vfsStreamWrapperFlockTestCase.php" line="47" assertions="1" time="0.000432"/>
      <testcase name="canAquireSharedLock" class="vfsStreamWrapperFlockTestCase" file="/Users/mikey/workspace/vfsStream/src/test/php/org/bovigo/vfs/vfsStreamWrapperFlockTestCase.php" line="56" assertions="4" time="0.000587"/>
      <testcase name="canAquireSharedLockWithNonBlockingFlockCall" class="vfsStreamWrapperFlockTestCase" file="/Users/mikey/workspace/vfsStream/src/test/php/org/bovigo/vfs/vfsStreamWrapperFlockTestCase.php" line="71" assertions="4" time="0.000419"/>
      <testcase name="canAquireEclusiveLock" class="vfsStreamWrapperFlockTestCase" file="/Users/mikey/workspace/vfsStream/src/test/php/org/bovigo/vfs/vfsStreamWrapperFlockTestCase.php" line="86" assertions="4" time="0.000393"/>
      <testcase name="canAquireEclusiveLockWithNonBlockingFlockCall" class="vfsStreamWrapperFlockTestCase" file="/Users/mikey/workspace/vfsStream/src/test/php/org/bovigo/vfs/vfsStreamWrapperFlockTestCase.php" line="100" assertions="4" time="0.000387"/>
      <testcase name="canRemoveLock" class="vfsStreamWrapperFlockTestCase" file="/Users/mikey/workspace/vfsStream/src/test/php/org/bovigo/vfs/vfsStreamWrapperFlockTestCase.php" line="114" assertions="4" time="0.000341"/>
      <testcase name="canRemoveLockWithNonBlockingFlockCall" class="vfsStreamWrapperFlockTestCase" file="/Users/mikey/workspace/vfsStream/src/test/php/org/bovigo/vfs/vfsStreamWrapperFlockTestCase.php" line="129" assertions="4" time="0.000374"/>
    </testsuite>
    <testsuite name="vfsStreamWrapperSetOptionTestCase" file="/Users/mikey/workspace/vfsStream/src/test/php/org/bovigo/vfs/vfsStreamWrapperSetOptionTestCase.php" fullPackage="bovigo_vfs.test" package="bovigo_vfs" subpackage="test" tests="4" assertions="4" failures="0" errors="0" time="0.001470">
      <testcase name="setBlockingDoesNotWork" class="vfsStreamWrapperSetOptionTestCase" file="/Users/mikey/workspace/vfsStream/src/test/php/org/bovigo/vfs/vfsStreamWrapperSetOptionTestCase.php" line="40" assertions="1" time="0.000344"/>
      <testcase name="removeBlockingDoesNotWork" class="vfsStreamWrapperSetOptionTestCase" file="/Users/mikey/workspace/vfsStream/src/test/php/org/bovigo/vfs/vfsStreamWrapperSetOptionTestCase.php" line="50" assertions="1" time="0.000328"/>
      <testcase name="setTimeoutDoesNotWork" class="vfsStreamWrapperSetOptionTestCase" file="/Users/mikey/workspace/vfsStream/src/test/php/org/bovigo/vfs/vfsStreamWrapperSetOptionTestCase.php" line="60" assertions="1" time="0.000367"/>
      <testcase name="setWriteBufferDoesNotWork" class="vfsStreamWrapperSetOptionTestCase" file="/Users/mikey/workspace/vfsStream/src/test/php/org/bovigo/vfs/vfsStreamWrapperSetOptionTestCase.php" line="70" assertions="1" time="0.000431"/>
    </testsuite>
    <testsuite name="vfsStreamWrapperSelectStreamTestCase" file="/Users/mikey/workspace/vfsStream/src/test/php/org/bovigo/vfs/vfsStreamWrapperStreamSelectTestCase.php" fullPackage="bovigo_vfs.test" package="bovigo_vfs" subpackage="test" tests="1" assertions="1" failures="0" errors="0" time="0.000639">
      <testcase name="selectStream" class="vfsStreamWrapperSelectStreamTestCase" file="/Users/mikey/workspace/vfsStream/src/test/php/org/bovigo/vfs/vfsStreamWrapperStreamSelectTestCase.php" line="24" assertions="1" time="0.000639"/>
    </testsuite>
    <testsuite name="vfsStreamWrapperTestCase" file="/Users/mikey/workspace/vfsStream/src/test/php/org/bovigo/vfs/vfsStreamWrapperTestCase.php" fullPackage="bovigo_vfs.test" package="bovigo_vfs" subpackage="test" tests="31" assertions="135" failures="0" errors="0" time="0.022269">
      <testcase name="resetByRegister" class="vfsStreamWrapperTestCase" file="/Users/mikey/workspace/vfsStream/src/test/php/org/bovigo/vfs/vfsStreamWrapperTestCase.php" line="26" assertions="2" time="0.000344"/>
      <testcase name="setRootReturnsRoot" class="vfsStreamWrapperTestCase" file="/Users/mikey/workspace/vfsStream/src/test/php/org/bovigo/vfs/vfsStreamWrapperTestCase.php" line="37" assertions="1" time="0.000319"/>
      <testcase name="filesize" class="vfsStreamWrapperTestCase" file="/Users/mikey/workspace/vfsStream/src/test/php/org/bovigo/vfs/vfsStreamWrapperTestCase.php" line="49" assertions="6" time="0.000726"/>
      <testcase name="file_exists" class="vfsStreamWrapperTestCase" file="/Users/mikey/workspace/vfsStream/src/test/php/org/bovigo/vfs/vfsStreamWrapperTestCase.php" line="64" assertions="8" time="0.000616"/>
      <testcase name="filemtime" class="vfsStreamWrapperTestCase" file="/Users/mikey/workspace/vfsStream/src/test/php/org/bovigo/vfs/vfsStreamWrapperTestCase.php" line="81" assertions="6" time="0.000662"/>
      <testcase name="unlinkRemovesFilesOnly" class="vfsStreamWrapperTestCase" file="/Users/mikey/workspace/vfsStream/src/test/php/org/bovigo/vfs/vfsStreamWrapperTestCase.php" line="95" assertions="6" time="0.000683"/>
      <testcase name="dirname" class="vfsStreamWrapperTestCase" file="/Users/mikey/workspace/vfsStream/src/test/php/org/bovigo/vfs/vfsStreamWrapperTestCase.php" line="110" assertions="2" time="0.000414"/>
      <testcase name="basename" class="vfsStreamWrapperTestCase" file="/Users/mikey/workspace/vfsStream/src/test/php/org/bovigo/vfs/vfsStreamWrapperTestCase.php" line="125" assertions="3" time="0.000382"/>
      <testcase name="is_readable" class="vfsStreamWrapperTestCase" file="/Users/mikey/workspace/vfsStream/src/test/php/org/bovigo/vfs/vfsStreamWrapperTestCase.php" line="137" assertions="10" time="0.000722"/>
      <testcase name="is_writable" class="vfsStreamWrapperTestCase" file="/Users/mikey/workspace/vfsStream/src/test/php/org/bovigo/vfs/vfsStreamWrapperTestCase.php" line="160" assertions="10" time="0.000699"/>
      <testcase name="is_executable" class="vfsStreamWrapperTestCase" file="/Users/mikey/workspace/vfsStream/src/test/php/org/bovigo/vfs/vfsStreamWrapperTestCase.php" line="183" assertions="3" time="0.000481"/>
      <testcase name="directoriesAndNonExistingFilesAreNeverExecutable" class="vfsStreamWrapperTestCase" file="/Users/mikey/workspace/vfsStream/src/test/php/org/bovigo/vfs/vfsStreamWrapperTestCase.php" line="196" assertions="6" time="0.000510"/>
      <testcase name="chmod" class="vfsStreamWrapperTestCase" file="/Users/mikey/workspace/vfsStream/src/test/php/org/bovigo/vfs/vfsStreamWrapperTestCase.php" line="212" assertions="12" time="0.001119"/>
      <testcase name="chmodDoesNotWorkOnVfsStreamUrls" class="vfsStreamWrapperTestCase" file="/Users/mikey/workspace/vfsStream/src/test/php/org/bovigo/vfs/vfsStreamWrapperTestCase.php" line="238" assertions="8" time="0.000641"/>
      <testcase name="chown" class="vfsStreamWrapperTestCase" file="/Users/mikey/workspace/vfsStream/src/test/php/org/bovigo/vfs/vfsStreamWrapperTestCase.php" line="257" assertions="12" time="0.001117"/>
      <testcase name="chownDoesNotWorkOnVfsStreamUrls" class="vfsStreamWrapperTestCase" file="/Users/mikey/workspace/vfsStream/src/test/php/org/bovigo/vfs/vfsStreamWrapperTestCase.php" line="285" assertions="2" time="0.000451"/>
      <testcase name="chgrp" class="vfsStreamWrapperTestCase" file="/Users/mikey/workspace/vfsStream/src/test/php/org/bovigo/vfs/vfsStreamWrapperTestCase.php" line="298" assertions="12" time="0.001022"/>
      <testcase name="chgrpDoesNotWorkOnVfsStreamUrls" class="vfsStreamWrapperTestCase" file="/Users/mikey/workspace/vfsStream/src/test/php/org/bovigo/vfs/vfsStreamWrapperTestCase.php" line="325" assertions="2" time="0.000391"/>
      <testcase name="renameDirectory" class="vfsStreamWrapperTestCase" file="/Users/mikey/workspace/vfsStream/src/test/php/org/bovigo/vfs/vfsStreamWrapperTestCase.php" line="336" assertions="3" time="0.000770"/>
      <testcase name="renameDirectoryWithDots" class="vfsStreamWrapperTestCase" file="/Users/mikey/workspace/vfsStream/src/test/php/org/bovigo/vfs/vfsStreamWrapperTestCase.php" line="348" assertions="3" time="0.000461"/>
      <testcase name="renameDirectoryWithDotsInTarget" class="vfsStreamWrapperTestCase" file="/Users/mikey/workspace/vfsStream/src/test/php/org/bovigo/vfs/vfsStreamWrapperTestCase.php" line="362" assertions="3" time="0.000666"/>
      <testcase name="renameDirectoryOverwritingExistingFile" class="vfsStreamWrapperTestCase" file="/Users/mikey/workspace/vfsStream/src/test/php/org/bovigo/vfs/vfsStreamWrapperTestCase.php" line="375" assertions="3" time="0.000557"/>
      <testcase name="renameFileIntoFile" class="vfsStreamWrapperTestCase" file="/Users/mikey/workspace/vfsStream/src/test/php/org/bovigo/vfs/vfsStreamWrapperTestCase.php" line="387" assertions="1" time="0.000767"/>
      <testcase name="renameFileToDirectory" class="vfsStreamWrapperTestCase" file="/Users/mikey/workspace/vfsStream/src/test/php/org/bovigo/vfs/vfsStreamWrapperTestCase.php" line="400" assertions="4" time="0.000543"/>
      <testcase name="renameOnSourceFileNotFound" class="vfsStreamWrapperTestCase" file="/Users/mikey/workspace/vfsStream/src/test/php/org/bovigo/vfs/vfsStreamWrapperTestCase.php" line="416" assertions="1" time="0.000594"/>
      <testcase name="renameOnDestinationDirectoryFileNotFound" class="vfsStreamWrapperTestCase" file="/Users/mikey/workspace/vfsStream/src/test/php/org/bovigo/vfs/vfsStreamWrapperTestCase.php" line="426" assertions="1" time="0.000576"/>
      <testcase name="statAndFstatReturnSameResult" class="vfsStreamWrapperTestCase" file="/Users/mikey/workspace/vfsStream/src/test/php/org/bovigo/vfs/vfsStreamWrapperTestCase.php" line="435" assertions="1" time="0.001220"/>
      <testcase name="statReturnsFullDataForFiles" class="vfsStreamWrapperTestCase" file="/Users/mikey/workspace/vfsStream/src/test/php/org/bovigo/vfs/vfsStreamWrapperTestCase.php" line="449" assertions="1" time="0.001326"/>
      <testcase name="statReturnsFullDataForDirectories" class="vfsStreamWrapperTestCase" file="/Users/mikey/workspace/vfsStream/src/test/php/org/bovigo/vfs/vfsStreamWrapperTestCase.php" line="485" assertions="1" time="0.001491"/>
      <testcase name="statReturnsFullDataForDirectoriesWithDot" class="vfsStreamWrapperTestCase" file="/Users/mikey/workspace/vfsStream/src/test/php/org/bovigo/vfs/vfsStreamWrapperTestCase.php" line="521" assertions="1" time="0.001253"/>
      <testcase name="openFileWithoutDirectory" class="vfsStreamWrapperTestCase" file="/Users/mikey/workspace/vfsStream/src/test/php/org/bovigo/vfs/vfsStreamWrapperTestCase.php" line="558" assertions="1" time="0.000746"/>
    </testsuite>
    <testsuite name="vfsStreamWrapperWithoutRootTestCase" file="/Users/mikey/workspace/vfsStream/src/test/php/org/bovigo/vfs/vfsStreamWrapperWithoutRootTestCase.php" fullPackage="bovigo_vfs.test" package="bovigo_vfs" subpackage="test" tests="4" assertions="4" failures="0" errors="0" time="0.001315">
      <testcase name="canNotOpenDirectory" class="vfsStreamWrapperWithoutRootTestCase" file="/Users/mikey/workspace/vfsStream/src/test/php/org/bovigo/vfs/vfsStreamWrapperWithoutRootTestCase.php" line="32" assertions="1" time="0.000327"/>
      <testcase name="canNotUnlink" class="vfsStreamWrapperWithoutRootTestCase" file="/Users/mikey/workspace/vfsStream/src/test/php/org/bovigo/vfs/vfsStreamWrapperWithoutRootTestCase.php" line="42" assertions="1" time="0.000285"/>
      <testcase name="canNotOpen" class="vfsStreamWrapperWithoutRootTestCase" file="/Users/mikey/workspace/vfsStream/src/test/php/org/bovigo/vfs/vfsStreamWrapperWithoutRootTestCase.php" line="52" assertions="1" time="0.000397"/>
      <testcase name="canNotRename" class="vfsStreamWrapperWithoutRootTestCase" file="/Users/mikey/workspace/vfsStream/src/test/php/org/bovigo/vfs/vfsStreamWrapperWithoutRootTestCase.php" line="62" assertions="1" time="0.000306"/>
    </testsuite>
    <testsuite name="vfsStreamZipTestCase" file="/Users/mikey/workspace/vfsStream/src/test/php/org/bovigo/vfs/vfsStreamZipTestCase.php" fullPackage="bovigo_vfs.test" package="bovigo_vfs" subpackage="test" tests="1" assertions="0" failures="0" errors="0" time="0.000374">
      <testcase name="createZipArchive" class="vfsStreamZipTestCase" file="/Users/mikey/workspace/vfsStream/src/test/php/org/bovigo/vfs/vfsStreamZipTestCase.php" line="35" assertions="0" time="0.000374"/>
    </testsuite>
    <testsuite name="vfsStreamAbstractVisitorTestCase" file="/Users/mikey/workspace/vfsStream/src/test/php/org/bovigo/vfs/visitor/vfsStreamAbstractVisitorTestCase.php" fullPackage="bovigo_vfs.visitor_test" package="bovigo_vfs" subpackage="visitor_test" tests="3" assertions="6" failures="0" errors="0" time="0.007573">
      <testcase name="visitThrowsInvalidArgumentExceptionOnUnknownContentType" class="vfsStreamAbstractVisitorTestCase" file="/Users/mikey/workspace/vfsStream/src/test/php/org/bovigo/vfs/visitor/vfsStreamAbstractVisitorTestCase.php" line="42" assertions="2" time="0.001573"/>
      <testcase name="visitWithFileCallsVisitFile" class="vfsStreamAbstractVisitorTestCase" file="/Users/mikey/workspace/vfsStream/src/test/php/org/bovigo/vfs/visitor/vfsStreamAbstractVisitorTestCase.php" line="56" assertions="2" time="0.003712"/>
      <testcase name="visitWithDirectoryCallsVisitDirectory" class="vfsStreamAbstractVisitorTestCase" file="/Users/mikey/workspace/vfsStream/src/test/php/org/bovigo/vfs/visitor/vfsStreamAbstractVisitorTestCase.php" line="70" assertions="2" time="0.002288"/>
    </testsuite>
    <testsuite name="vfsStreamPrintVisitorTestCase" file="/Users/mikey/workspace/vfsStream/src/test/php/org/bovigo/vfs/visitor/vfsStreamPrintVisitorTestCase.php" fullPackage="bovigo_vfs.visitor_test" package="bovigo_vfs" subpackage="visitor_test" tests="5" assertions="8" failures="0" errors="0" time="0.002362">
      <testcase name="constructWithNonResourceThrowsInvalidArgumentException" class="vfsStreamPrintVisitorTestCase" file="/Users/mikey/workspace/vfsStream/src/test/php/org/bovigo/vfs/visitor/vfsStreamPrintVisitorTestCase.php" line="25" assertions="1" time="0.000476"/>
      <testcase name="constructWithNonStreamResourceThrowsInvalidArgumentException" class="vfsStreamPrintVisitorTestCase" file="/Users/mikey/workspace/vfsStream/src/test/php/org/bovigo/vfs/visitor/vfsStreamPrintVisitorTestCase.php" line="34" assertions="1" time="0.000382"/>
      <testcase name="visitFileWritesFileNameToStream" class="vfsStreamPrintVisitorTestCase" file="/Users/mikey/workspace/vfsStream/src/test/php/org/bovigo/vfs/visitor/vfsStreamPrintVisitorTestCase.php" line="42" assertions="2" time="0.000449"/>
      <testcase name="visitDirectoryWritesDirectoryNameToStream" class="vfsStreamPrintVisitorTestCase" file="/Users/mikey/workspace/vfsStream/src/test/php/org/bovigo/vfs/visitor/vfsStreamPrintVisitorTestCase.php" line="56" assertions="2" time="0.000389"/>
      <testcase name="visitRecursiveDirectoryStructure" class="vfsStreamPrintVisitorTestCase" file="/Users/mikey/workspace/vfsStream/src/test/php/org/bovigo/vfs/visitor/vfsStreamPrintVisitorTestCase.php" line="70" assertions="2" time="0.000666"/>
    </testsuite>
    <testsuite name="vfsStreamStructureVisitorTestCase" file="/Users/mikey/workspace/vfsStream/src/test/php/org/bovigo/vfs/visitor/vfsStreamStructureVisitorTestCase.php" fullPackage="bovigo_vfs.visitor_test" package="bovigo_vfs" subpackage="visitor_test" tests="3" assertions="3" failures="0" errors="0" time="0.001513">
      <testcase name="visitFileCreatesStructureForFile" class="vfsStreamStructureVisitorTestCase" file="/Users/mikey/workspace/vfsStream/src/test/php/org/bovigo/vfs/visitor/vfsStreamStructureVisitorTestCase.php" line="24" assertions="1" time="0.000391"/>
      <testcase name="visitDirectoryCreatesStructureForDirectory" class="vfsStreamStructureVisitorTestCase" file="/Users/mikey/workspace/vfsStream/src/test/php/org/bovigo/vfs/visitor/vfsStreamStructureVisitorTestCase.php" line="38" assertions="1" time="0.000351"/>
      <testcase name="visitRecursiveDirectoryStructure" class="vfsStreamStructureVisitorTestCase" file="/Users/mikey/workspace/vfsStream/src/test/php/org/bovigo/vfs/visitor/vfsStreamStructureVisitorTestCase.php" line="50" assertions="1" time="0.000771"/>
    </testsuite>
  </testsuite>
</testsuites>
